TN:
SF:src/cartas.ts
FN:4,ColeccionCartas
FN:12,AyadirCarta
FN:28,agregarCarta
FN:50,ActualizarCarta
FN:75,EliminarCarta
FN:98,ListarCartas
FN:131,MostrarCarta
FNF:7
FNH:7
FNDA:1,ColeccionCartas
FNDA:2,AyadirCarta
FNDA:2,agregarCarta
FNDA:2,ActualizarCarta
FNDA:2,EliminarCarta
FNDA:2,ListarCartas
FNDA:1,MostrarCarta
DA:1,1
DA:2,1
DA:3,1
DA:4,1
DA:5,1
DA:6,1
DA:7,1
DA:8,1
DA:9,1
DA:10,1
DA:11,1
DA:12,1
DA:13,2
DA:14,2
DA:15,2
DA:16,2
DA:17,0
DA:18,0
DA:19,0
DA:20,0
DA:21,0
DA:22,0
DA:23,0
DA:24,2
DA:25,2
DA:26,2
DA:27,2
DA:28,2
DA:29,2
DA:30,1
DA:31,1
DA:32,1
DA:33,1
DA:34,0
DA:35,1
DA:36,1
DA:37,1
DA:38,1
DA:39,1
DA:40,2
DA:41,2
DA:42,1
DA:43,1
DA:44,1
DA:45,1
DA:46,1
DA:47,1
DA:48,1
DA:49,1
DA:50,1
DA:51,2
DA:52,2
DA:53,2
DA:54,2
DA:55,2
DA:56,1
DA:57,1
DA:58,1
DA:59,1
DA:60,0
DA:61,1
DA:62,1
DA:63,1
DA:64,1
DA:65,1
DA:66,2
DA:67,2
DA:68,1
DA:69,1
DA:70,1
DA:71,1
DA:72,1
DA:73,1
DA:74,1
DA:75,1
DA:76,2
DA:77,2
DA:78,2
DA:79,2
DA:80,1
DA:81,1
DA:82,1
DA:83,1
DA:84,0
DA:85,1
DA:86,1
DA:87,1
DA:88,1
DA:89,1
DA:90,2
DA:91,2
DA:92,1
DA:93,1
DA:94,1
DA:95,1
DA:96,1
DA:97,1
DA:98,1
DA:99,2
DA:100,2
DA:101,2
DA:102,2
DA:103,1
DA:104,1
DA:105,1
DA:106,1
DA:107,0
DA:108,1
DA:109,1
DA:110,1
DA:111,1
DA:112,0
DA:113,1
DA:114,1
DA:115,1
DA:116,1
DA:117,1
DA:118,1
DA:119,1
DA:120,1
DA:121,2
DA:122,2
DA:123,1
DA:124,1
DA:125,1
DA:126,1
DA:127,1
DA:128,1
DA:129,1
DA:130,1
DA:131,1
DA:132,1
DA:133,1
DA:134,1
DA:135,1
DA:136,1
DA:137,1
DA:138,1
DA:139,0
DA:140,0
DA:141,0
DA:142,0
DA:143,0
DA:144,0
DA:145,0
DA:146,0
DA:147,1
DA:148,1
DA:149,1
DA:150,1
LF:150
LH:130
BRDA:4,0,0,1
BRDA:12,1,0,2
BRDA:16,2,0,0
BRDA:28,3,0,2
BRDA:29,4,0,1
BRDA:32,5,0,1
BRDA:33,6,0,0
BRDA:50,7,0,2
BRDA:54,8,0,2
BRDA:55,9,0,1
BRDA:58,10,0,1
BRDA:59,11,0,0
BRDA:75,12,0,2
BRDA:78,13,0,2
BRDA:79,14,0,1
BRDA:82,15,0,1
BRDA:83,16,0,0
BRDA:98,17,0,2
BRDA:101,18,0,2
BRDA:102,19,0,1
BRDA:105,20,0,1
BRDA:106,21,0,0
BRDA:109,22,0,1
BRDA:110,23,0,1
BRDA:111,24,0,0
BRDA:131,25,0,1
BRDA:135,26,0,1
BRDA:138,27,0,0
BRF:28
BRH:21
end_of_record
TN:
SF:src/ejercicio-pe102.ts
FN:10,EliminarCarta
FNF:1
FNH:1
FNDA:4,EliminarCarta
DA:1,1
DA:2,1
DA:3,1
DA:4,1
DA:5,1
DA:6,1
DA:7,1
DA:8,1
DA:9,1
DA:10,1
DA:11,4
DA:12,4
DA:13,4
DA:14,4
DA:15,2
DA:16,2
DA:17,2
DA:18,2
DA:19,0
DA:20,2
DA:21,2
DA:22,2
DA:23,2
DA:24,2
DA:25,4
DA:26,4
DA:27,1
DA:28,1
DA:29,1
DA:30,1
DA:31,1
DA:32,1
DA:33,0
DA:34,0
DA:35,1
LF:35
LH:32
BRDA:10,0,0,4
BRDA:13,1,0,4
BRDA:14,2,0,2
BRDA:17,3,0,2
BRDA:18,4,0,0
BRDA:29,5,0,1
BRDA:32,6,0,0
BRF:7
BRH:5
end_of_record
TN:
SF:src/magic-app.ts
FN:56,Cartas
FN:79,MostrarCartas
FNF:2
FNH:2
FNDA:12,Cartas
FNDA:1,MostrarCartas
DA:1,1
DA:2,1
DA:3,1
DA:4,1
DA:5,1
DA:6,1
DA:7,1
DA:8,1
DA:9,1
DA:10,1
DA:11,1
DA:12,1
DA:13,1
DA:14,1
DA:15,1
DA:16,1
DA:17,1
DA:18,1
DA:19,1
DA:20,1
DA:21,1
DA:22,1
DA:23,1
DA:24,1
DA:25,1
DA:26,1
DA:27,1
DA:28,1
DA:29,1
DA:30,1
DA:31,1
DA:32,1
DA:33,1
DA:34,1
DA:35,1
DA:36,1
DA:37,1
DA:38,1
DA:39,1
DA:40,1
DA:41,1
DA:42,1
DA:43,1
DA:44,1
DA:45,1
DA:46,1
DA:47,1
DA:48,1
DA:49,1
DA:50,1
DA:51,1
DA:52,1
DA:53,1
DA:54,1
DA:55,1
DA:56,1
DA:57,12
DA:58,12
DA:59,12
DA:60,12
DA:61,12
DA:62,12
DA:63,12
DA:64,12
DA:65,12
DA:66,4
DA:67,4
DA:68,12
DA:69,6
DA:70,6
DA:71,12
DA:72,1
DA:73,1
DA:74,1
DA:75,1
DA:76,1
DA:77,1
DA:78,1
DA:79,1
DA:80,1
DA:81,1
DA:82,1
DA:83,1
DA:84,1
DA:85,1
DA:86,1
DA:87,1
DA:88,1
DA:89,1
DA:90,0
DA:91,0
DA:92,1
DA:93,0
DA:94,0
DA:95,1
DA:96,1
DA:97,1
DA:98,1
DA:99,0
DA:100,0
DA:101,1
DA:102,0
DA:103,0
DA:104,1
DA:105,0
DA:106,0
DA:107,1
DA:108,0
DA:109,0
DA:110,1
DA:111,0
DA:112,0
DA:113,1
DA:114,0
DA:115,0
DA:116,1
DA:117,1
DA:118,1
DA:119,1
DA:120,0
DA:121,0
DA:122,1
DA:123,1
LF:123
LH:105
BRDA:6,0,0,1
BRDA:19,1,0,1
BRDA:32,2,0,1
BRDA:56,3,0,12
BRDA:65,4,0,4
BRDA:68,5,0,6
BRDA:79,6,0,1
BRDA:89,7,0,0
BRDA:92,8,0,0
BRDA:98,9,0,0
BRDA:101,10,0,0
BRDA:104,11,0,0
BRDA:107,12,0,0
BRDA:110,13,0,0
BRDA:113,14,0,0
BRDA:119,15,0,0
BRF:16
BRH:7
end_of_record
